<?xml version="1.0" encoding="UTF-8"?>
<testsuite name="com.tanakhpoc.learner.DssVariantRepositoryTest" tests="12" skipped="0" failures="0" errors="0" timestamp="2026-09-19T18:56:15" hostname="cursor" time="0.064">
  <properties/>
  <testcase name="placement_literaryBookLevel_isBookBanner" classname="com.tanakhpoc.learner.DssVariantRepositoryTest" time="0.007"/>
  <testcase name="visibleWordNotes_failClosedAgainstLiveVerse" classname="com.tanakhpoc.learner.DssVariantRepositoryTest" time="0.039"/>
  <testcase name="sourceAsset_batch1HasExpectedShipCounts" classname="com.tanakhpoc.learner.DssVariantRepositoryTest" time="0.015"/>
  <testcase name="shipTrue_showsUi" classname="com.tanakhpoc.learner.DssVariantRepositoryTest" time="0.001"/>
  <testcase name="driftCheck_hardFailOnHeMismatch" classname="com.tanakhpoc.learner.DssVariantRepositoryTest" time="0.0"/>
  <testcase name="placement_literaryVerse_isVerseIndicator" classname="com.tanakhpoc.learner.DssVariantRepositoryTest" time="0.0"/>
  <testcase name="advancedTrue_hiddenEvenIfShipped" classname="com.tanakhpoc.learner.DssVariantRepositoryTest" time="0.0"/>
  <testcase name="emptyPack_hidesUi" classname="com.tanakhpoc.learner.DssVariantRepositoryTest" time="0.0"/>
  <testcase name="shipFalseOnly_hidesUiChrome" classname="com.tanakhpoc.learner.DssVariantRepositoryTest" time="0.0"/>
  <testcase name="parse_sampleSeeds_andDerivePlacement" classname="com.tanakhpoc.learner.DssVariantRepositoryTest" time="0.0"/>
  <testcase name="driftCheck_okWhenSnapshotMatches" classname="com.tanakhpoc.learner.DssVariantRepositoryTest" time="0.001"/>
  <testcase name="ignoreUnknownKeys_flexible" classname="com.tanakhpoc.learner.DssVariantRepositoryTest" time="0.0"/>
  <system-out><![CDATA[]]></system-out>
  <system-err><![CDATA[]]></system-err>
</testsuite>
